[2024-06-24 13:41:02,572.572] INFO [16776] - Will watch for changes in these directories: ['D:\\python\\engine6']
[2024-06-24 13:41:02,573.573] INFO [16776] - Uvicorn running on http://192.168.123.51:8080 (Press CTRL+C to quit)
[2024-06-24 13:41:02,573.573] INFO [16776] - Started reloader process [1204] using WatchFiles
[2024-06-24 13:41:06,568.568] INFO [16776] - 1 change detected
[2024-06-24 13:41:07,678.678] INFO [16948] - Started server process [9616]
[2024-06-24 13:41:07,679.679] INFO [16948] - Waiting for application startup.
[2024-06-24 13:41:07,679.679] INFO [16948] - Application startup complete.
[2024-06-24 13:41:07,902.902] INFO [16776] - 1 change detected
[2024-06-24 13:41:08,284.284] INFO [16776] - 1 change detected
[2024-06-24 13:41:08,666.666] INFO [16776] - 1 change detected
[2024-06-24 13:41:09,049.049] INFO [16776] - 1 change detected
[2024-06-24 13:41:09,427.427] INFO [16776] - 1 change detected
[2024-06-24 13:41:09,809.809] INFO [16776] - 1 change detected
[2024-06-24 13:41:10,189.189] INFO [16776] - 1 change detected
[2024-06-24 13:41:10,566.566] INFO [16776] - 1 change detected
[2024-06-24 13:41:10,945.945] INFO [16776] - 1 change detected
[2024-06-24 13:41:11,324.324] INFO [16776] - 1 change detected
[2024-06-24 13:41:11,704.704] INFO [16776] - 1 change detected
[2024-06-24 13:41:12,084.084] INFO [16776] - 1 change detected
[2024-06-24 13:41:12,464.464] INFO [16776] - 1 change detected
[2024-06-24 13:41:12,842.842] INFO [16776] - 1 change detected
[2024-06-24 13:41:13,220.220] INFO [16776] - 1 change detected
[2024-06-24 13:41:13,595.595] INFO [16776] - 1 change detected
[2024-06-24 13:41:13,975.975] INFO [16776] - 1 change detected
[2024-06-24 13:41:14,354.354] INFO [16776] - 1 change detected
[2024-06-24 13:41:14,729.729] INFO [16776] - 1 change detected
[2024-06-24 13:41:15,169.169] INFO [16776] - 1 change detected
[2024-06-24 13:41:15,545.545] INFO [16776] - 1 change detected
[2024-06-24 13:41:15,989.989] INFO [16776] - 1 change detected
[2024-06-24 13:41:16,368.368] INFO [16776] - 1 change detected
[2024-06-24 13:41:16,745.745] INFO [16776] - 1 change detected
[2024-06-24 13:41:17,124.124] INFO [16776] - 1 change detected
[2024-06-24 13:41:17,560.560] INFO [16776] - 1 change detected
[2024-06-24 13:41:17,939.939] INFO [16776] - 1 change detected
[2024-06-24 13:41:18,315.315] INFO [16776] - 1 change detected
[2024-06-24 13:41:18,754.754] INFO [16776] - 1 change detected
[2024-06-24 13:41:19,134.134] INFO [16776] - 1 change detected
[2024-06-24 13:41:19,510.510] INFO [16776] - 1 change detected
[2024-06-24 13:41:19,891.891] INFO [16776] - 1 change detected
[2024-06-24 13:41:20,329.329] INFO [16776] - 1 change detected
[2024-06-24 13:41:20,706.706] INFO [16776] - 1 change detected
[2024-06-24 13:41:21,088.088] INFO [16776] - 1 change detected
[2024-06-24 13:41:21,469.469] INFO [16776] - 1 change detected
[2024-06-24 13:41:21,906.906] INFO [16776] - 1 change detected
[2024-06-24 13:41:22,285.285] INFO [16776] - 1 change detected
[2024-06-24 13:41:22,660.660] INFO [16776] - 1 change detected
[2024-06-24 13:41:23,100.100] INFO [16776] - 1 change detected
[2024-06-24 13:41:23,479.479] INFO [16776] - 1 change detected
[2024-06-24 13:41:23,856.856] INFO [16776] - 1 change detected
[2024-06-24 13:41:24,294.294] INFO [16776] - 1 change detected
[2024-06-24 13:41:24,674.674] INFO [16776] - 1 change detected
[2024-06-24 13:41:25,052.052] INFO [16776] - 1 change detected
[2024-06-24 13:41:25,432.432] INFO [16776] - 1 change detected
[2024-06-24 13:41:25,870.870] INFO [16776] - 1 change detected
[2024-06-24 13:41:26,245.245] INFO [16776] - 1 change detected
[2024-06-24 13:41:26,624.624] INFO [16776] - 1 change detected
[2024-06-24 13:41:27,005.005] INFO [16776] - 1 change detected
[2024-06-24 13:41:27,444.444] INFO [16776] - 1 change detected
[2024-06-24 13:41:27,824.824] INFO [16776] - 1 change detected
[2024-06-24 13:41:28,264.264] INFO [16776] - 1 change detected
[2024-06-24 13:41:28,641.641] INFO [16776] - 1 change detected
[2024-06-24 13:41:29,022.022] INFO [16776] - 1 change detected
[2024-06-24 13:41:29,399.399] INFO [16776] - 1 change detected
[2024-06-24 13:41:29,836.836] INFO [16776] - 1 change detected
[2024-06-24 13:41:30,214.214] INFO [16776] - 1 change detected
[2024-06-24 13:41:30,594.594] INFO [16776] - 1 change detected
[2024-06-24 13:41:31,034.034] INFO [16776] - 1 change detected
[2024-06-24 13:41:31,410.410] INFO [16776] - 1 change detected
[2024-06-24 13:41:31,790.790] INFO [16776] - 1 change detected
[2024-06-24 13:41:32,229.229] INFO [16776] - 1 change detected
[2024-06-24 13:41:32,609.609] INFO [16776] - 1 change detected
[2024-06-24 13:41:32,990.990] INFO [16776] - 1 change detected
[2024-06-24 13:41:33,433.433] INFO [16776] - 1 change detected
[2024-06-24 13:41:33,813.813] INFO [16776] - 1 change detected
[2024-06-24 13:41:34,189.189] INFO [16776] - 1 change detected
[2024-06-24 13:41:34,569.569] INFO [16776] - 1 change detected
[2024-06-24 13:41:35,007.007] INFO [16776] - 1 change detected
[2024-06-24 13:41:35,385.385] INFO [16776] - 1 change detected
[2024-06-24 13:41:35,761.761] INFO [16776] - 1 change detected
[2024-06-24 13:41:36,199.199] INFO [16776] - 1 change detected
[2024-06-24 13:41:36,580.580] INFO [16776] - 1 change detected
[2024-06-24 13:41:36,959.959] INFO [16776] - 1 change detected
[2024-06-24 13:41:37,335.335] INFO [16776] - 1 change detected
[2024-06-24 13:41:37,774.774] INFO [16776] - 1 change detected
[2024-06-24 13:41:38,155.155] INFO [16776] - 1 change detected
[2024-06-24 13:41:38,535.535] INFO [16776] - 1 change detected
[2024-06-24 13:41:38,972.972] INFO [16776] - 1 change detected
[2024-06-24 13:41:39,350.350] INFO [16776] - 1 change detected
[2024-06-24 13:41:39,725.725] INFO [16776] - 1 change detected
[2024-06-24 13:41:40,164.164] INFO [16776] - 1 change detected
[2024-06-24 13:41:40,542.542] INFO [16776] - 1 change detected
[2024-06-24 13:41:40,922.922] INFO [16776] - 1 change detected
[2024-06-24 13:41:41,303.303] INFO [16776] - 1 change detected
[2024-06-24 13:41:41,737.737] INFO [16776] - 1 change detected
[2024-06-24 13:41:42,114.114] INFO [16776] - 1 change detected
[2024-06-24 13:41:42,556.556] INFO [16776] - 1 change detected
[2024-06-24 13:41:42,934.934] INFO [16776] - 1 change detected
[2024-06-24 13:41:43,310.310] INFO [16776] - 1 change detected
[2024-06-24 13:41:43,509.509] INFO [16948] - Shutting down
[2024-06-24 13:41:43,614.614] INFO [16948] - Waiting for application shutdown.
[2024-06-24 13:41:43,616.616] INFO [16948] - Application shutdown complete.
[2024-06-24 13:41:43,618.618] INFO [16948] - Finished server process [9616]
[2024-06-24 13:41:43,865.865] INFO [16776] - Stopping reloader process [1204]
